0 info it worked if it ends with ok
1 verbose cli [ '/usr/local/bin/node',
1 verbose cli   '/usr/local/bin/npm',
1 verbose cli   'install',
1 verbose cli   '-g',
1 verbose cli   'n' ]
2 info using npm@3.10.10
3 info using node@v6.11.4
4 silly loadCurrentTree Starting
5 silly install loadCurrentTree
6 silly install readGlobalPackageData
7 silly fetchPackageMetaData n
8 silly fetchNamedPackageData n
9 silly mapToRegistry name n
10 silly mapToRegistry using default registry
11 silly mapToRegistry registry https://registry.npmjs.org/
12 silly mapToRegistry data Result {
12 silly mapToRegistry   raw: 'n',
12 silly mapToRegistry   scope: null,
12 silly mapToRegistry   escapedName: 'n',
12 silly mapToRegistry   name: 'n',
12 silly mapToRegistry   rawSpec: '',
12 silly mapToRegistry   spec: 'latest',
12 silly mapToRegistry   type: 'tag' }
13 silly mapToRegistry uri https://registry.npmjs.org/n
14 verbose request uri https://registry.npmjs.org/n
15 verbose request no auth needed
16 info attempt registry request try #1 at 10:58:28 AM
17 verbose request id e3af07732faab64b
18 http request GET https://registry.npmjs.org/n
19 http 200 https://registry.npmjs.org/n
20 verbose headers { 'content-type': 'application/json; charset=UTF-8',
20 verbose headers   server: 'UploadServer',
20 verbose headers   'cache-control': 'max-age=300',
20 verbose headers   'last-modified': 'Wed, 6 Dec 2017 8:25:30 GMT',
20 verbose headers   etag: '"5a27a97a-1172b"',
20 verbose headers   'content-encoding': 'gzip',
20 verbose headers   'content-length': '11891',
20 verbose headers   'accept-ranges': 'bytes',
20 verbose headers   date: 'Thu, 21 Dec 2017 15:58:28 GMT',
20 verbose headers   via: '1.1 varnish',
20 verbose headers   age: '6994',
20 verbose headers   connection: 'keep-alive',
20 verbose headers   'x-served-by': 'cache-atl6241-ATL',
20 verbose headers   'x-cache': 'HIT',
20 verbose headers   'x-cache-hits': '1',
20 verbose headers   'x-timer': 'S1513871908.471343,VS0,VE1',
20 verbose headers   vary: 'Accept-Encoding, Accept' }
21 silly get cb [ 200,
21 silly get   { 'content-type': 'application/json; charset=UTF-8',
21 silly get     server: 'UploadServer',
21 silly get     'cache-control': 'max-age=300',
21 silly get     'last-modified': 'Wed, 6 Dec 2017 8:25:30 GMT',
21 silly get     etag: '"5a27a97a-1172b"',
21 silly get     'content-encoding': 'gzip',
21 silly get     'content-length': '11891',
21 silly get     'accept-ranges': 'bytes',
21 silly get     date: 'Thu, 21 Dec 2017 15:58:28 GMT',
21 silly get     via: '1.1 varnish',
21 silly get     age: '6994',
21 silly get     connection: 'keep-alive',
21 silly get     'x-served-by': 'cache-atl6241-ATL',
21 silly get     'x-cache': 'HIT',
21 silly get     'x-cache-hits': '1',
21 silly get     'x-timer': 'S1513871908.471343,VS0,VE1',
21 silly get     vary: 'Accept-Encoding, Accept' } ]
22 verbose get saving n to /Users/lukeluke/.npm/registry.npmjs.org/n/.cache.json
23 verbose correctMkdir /Users/lukeluke/.npm correctMkdir not in flight; initializing
24 silly install normalizeTree
25 silly loadCurrentTree Finishing
26 silly loadIdealTree Starting
27 silly install loadIdealTree
28 silly cloneCurrentTree Starting
29 silly install cloneCurrentTreeToIdealTree
30 silly cloneCurrentTree Finishing
31 silly loadShrinkwrap Starting
32 silly install loadShrinkwrap
33 silly loadShrinkwrap Finishing
34 silly loadAllDepsIntoIdealTree Starting
35 silly install loadAllDepsIntoIdealTree
36 silly resolveWithNewModule n@2.1.8 checking installable status
37 silly cache add args [ 'n', null ]
38 verbose cache add spec n
39 silly cache add parsed spec Result {
39 silly cache add   raw: 'n',
39 silly cache add   scope: null,
39 silly cache add   escapedName: 'n',
39 silly cache add   name: 'n',
39 silly cache add   rawSpec: '',
39 silly cache add   spec: 'latest',
39 silly cache add   type: 'tag' }
40 silly addNamed n@latest
41 verbose addNamed "latest" is being treated as a dist-tag for n
42 info addNameTag [ 'n', 'latest' ]
43 silly mapToRegistry name n
44 silly mapToRegistry using default registry
45 silly mapToRegistry registry https://registry.npmjs.org/
46 silly mapToRegistry data Result {
46 silly mapToRegistry   raw: 'n',
46 silly mapToRegistry   scope: null,
46 silly mapToRegistry   escapedName: 'n',
46 silly mapToRegistry   name: 'n',
46 silly mapToRegistry   rawSpec: '',
46 silly mapToRegistry   spec: 'latest',
46 silly mapToRegistry   type: 'tag' }
47 silly mapToRegistry uri https://registry.npmjs.org/n
48 verbose addNameTag registry:https://registry.npmjs.org/n not in flight; fetching
49 verbose get https://registry.npmjs.org/n not expired, no request
50 silly addNameTag next cb for n with tag latest
51 silly addNamed n@2.1.8
52 verbose addNamed "2.1.8" is a plain semver version for n
53 silly mapToRegistry name n
54 silly mapToRegistry using default registry
55 silly mapToRegistry registry https://registry.npmjs.org/
56 silly mapToRegistry data Result {
56 silly mapToRegistry   raw: 'n',
56 silly mapToRegistry   scope: null,
56 silly mapToRegistry   escapedName: 'n',
56 silly mapToRegistry   name: 'n',
56 silly mapToRegistry   rawSpec: '',
56 silly mapToRegistry   spec: 'latest',
56 silly mapToRegistry   type: 'tag' }
57 silly mapToRegistry uri https://registry.npmjs.org/n
58 verbose addRemoteTarball https://registry.npmjs.org/n/-/n-2.1.8.tgz not in flight; adding
59 verbose addRemoteTarball [ 'https://registry.npmjs.org/n/-/n-2.1.8.tgz',
59 verbose addRemoteTarball   '9b770f6ae0a93c49c64fb614625a63cc5a22d1fd' ]
60 info retry fetch attempt 1 at 10:58:28 AM
61 info attempt registry request try #1 at 10:58:28 AM
62 http fetch GET https://registry.npmjs.org/n/-/n-2.1.8.tgz
63 http fetch 200 https://registry.npmjs.org/n/-/n-2.1.8.tgz
64 silly fetchAndShaCheck shasum 9b770f6ae0a93c49c64fb614625a63cc5a22d1fd
65 verbose addTmpTarball /var/folders/wj/b6gqqzvd5s70t7b3ktkm716r0000gq/T/npm-17058-0312e8ec/registry.npmjs.org/n/-/n-2.1.8.tgz not in flight; adding
66 verbose addTmpTarball already have metadata; skipping unpack for n@2.1.8
67 verbose correctMkdir /Users/lukeluke/.npm correctMkdir not in flight; initializing
68 silly cache afterAdd n@2.1.8
69 verbose afterAdd /Users/lukeluke/.npm/n/2.1.8/package/package.json not in flight; writing
70 verbose correctMkdir /Users/lukeluke/.npm correctMkdir not in flight; initializing
71 verbose afterAdd /Users/lukeluke/.npm/n/2.1.8/package/package.json written
72 silly loadAllDepsIntoIdealTree Finishing
73 silly loadIdealTree Finishing
74 silly currentTree lib
75 silly idealTree lib
75 silly idealTree └── n@2.1.8
76 silly generateActionsToTake Starting
77 silly install generateActionsToTake
78 silly generateActionsToTake Finishing
79 silly diffTrees action count 1
80 silly diffTrees add n@2.1.8
81 silly decomposeActions action count 8
82 silly decomposeActions fetch n@2.1.8
83 silly decomposeActions extract n@2.1.8
84 silly decomposeActions test n@2.1.8
85 silly decomposeActions preinstall n@2.1.8
86 silly decomposeActions build n@2.1.8
87 silly decomposeActions install n@2.1.8
88 silly decomposeActions postinstall n@2.1.8
89 silly decomposeActions finalize n@2.1.8
90 silly runTopLevelLifecycles Starting
91 silly executeActions Starting
92 silly install executeActions
93 silly doSerial global-install 0
94 silly doParallel fetch 1
95 verbose correctMkdir /Users/lukeluke/.npm/_locks correctMkdir not in flight; initializing
96 verbose lock using /Users/lukeluke/.npm/_locks/staging-3a08f0df5026584d.lock for /usr/local/lib/node_modules/.staging
97 silly doParallel extract 1
98 silly extract n@2.1.8
99 verbose unbuild lib/node_modules/.staging/n-3eb27508
100 silly gentlyRm /usr/local/lib/node_modules/.staging/n-3eb27508 is being purged from base /usr/local
101 verbose gentlyRm don't care about contents; nuking /usr/local/lib/node_modules/.staging/n-3eb27508
102 verbose tar unpack /Users/lukeluke/.npm/n/2.1.8/package.tgz
103 verbose tar unpacking to /usr/local/lib/node_modules/.staging/n-3eb27508
104 silly gentlyRm /usr/local/lib/node_modules/.staging/n-3eb27508 is being purged
105 verbose gentlyRm don't care about contents; nuking /usr/local/lib/node_modules/.staging/n-3eb27508
106 silly gunzTarPerm modes [ '755', '644' ]
107 silly gunzTarPerm extractEntry package.json
108 silly gunzTarPerm extractEntry README.md
109 silly gunzTarPerm extractEntry .github/CONTRIBUTING.md
110 silly gunzTarPerm extractEntry .github/ISSUE_TEMPLATE.md
111 silly gunzTarPerm extractEntry .github/PULL_REQUEST_TEMPLATE.md
112 silly gunzTarPerm extractEntry Dockerfile
113 silly gunzTarPerm extractEntry Makefile
114 silly gunzTarPerm extractEntry bin/n
115 silly gentlyRm /usr/local/lib/node_modules/.staging/n-3eb27508/node_modules is being purged
116 verbose gentlyRm don't care about contents; nuking /usr/local/lib/node_modules/.staging/n-3eb27508/node_modules
117 silly doParallel preinstall 1
118 silly preinstall n@2.1.8 /usr/local/lib/node_modules/.staging/n-3eb27508
119 info lifecycle n@2.1.8~preinstall: n@2.1.8
120 silly lifecycle n@2.1.8~preinstall: no script for preinstall, continuing
121 silly doReverseSerial remove 0
122 silly doSerial move 0
123 silly doSerial finalize 1
124 silly finalize /usr/local/lib/node_modules/n
125 silly doSerial build 1
126 silly build n@2.1.8
127 info linkStuff n@2.1.8
128 silly linkStuff n@2.1.8 has /usr/local/lib/node_modules as its parent node_modules
129 silly linkStuff n@2.1.8 is part of a global install
130 silly linkStuff n@2.1.8 is installed into a global node_modules
131 silly linkStuff n@2.1.8 is installed into the top-level global node_modules
132 verbose linkBins n@2.1.8
133 verbose link bins [ { n: './bin/n' }, '/usr/local/bin', true ]
134 verbose linkMans n@2.1.8
135 silly gentlyRm /usr/local/bin/n is being gently removed
136 verbose unlock done using /Users/lukeluke/.npm/_locks/staging-3a08f0df5026584d.lock for /usr/local/lib/node_modules/.staging
137 silly rollbackFailedOptional Starting
138 silly rollbackFailedOptional Finishing
139 silly runTopLevelLifecycles Finishing
140 silly install printInstalled
141 verbose stack Error: EACCES: permission denied, symlink '../lib/node_modules/n/bin/n' -> '/usr/local/bin/n'
141 verbose stack     at Error (native)
142 verbose cwd /Users/lukeluke/Sites/masseffect-5e/phb-app
143 error Darwin 17.3.0
144 error argv "/usr/local/bin/node" "/usr/local/bin/npm" "install" "-g" "n"
145 error node v6.11.4
146 error npm  v3.10.10
147 error path ../lib/node_modules/n/bin/n
148 error code EACCES
149 error errno -13
150 error syscall symlink
151 error Error: EACCES: permission denied, symlink '../lib/node_modules/n/bin/n' -> '/usr/local/bin/n'
151 error     at Error (native)
151 error  { Error: EACCES: permission denied, symlink '../lib/node_modules/n/bin/n' -> '/usr/local/bin/n'
151 error     at Error (native)
151 error   errno: -13,
151 error   code: 'EACCES',
151 error   syscall: 'symlink',
151 error   path: '../lib/node_modules/n/bin/n',
151 error   dest: '/usr/local/bin/n' }
152 error Please try running this command again as root/Administrator.
153 verbose exit [ -13, true ]
